<?xml version="1.0" encoding="UTF-8" ?>
<testsuite failures="0" time="0.036" errors="0" skipped="0" tests="16" name="au.com.satoruTour.businessDelegate.ShoppingCartBusinessDelegateTest">
  <properties>
    <property name="java.runtime.name" value="Java(TM) SE Runtime Environment"/>
    <property name="sun.boot.library.path" value="C:\dev\stryamazaki\jdks\jdk1.7.0_79\jre\bin"/>
    <property name="java.vm.version" value="24.79-b02"/>
    <property name="java.vm.vendor" value="Oracle Corporation"/>
    <property name="maven.multiModuleProjectDirectory" value="C:\dev\stryamazaki\workspaces\eclipse3.5\satoruLaboWorkspace\ShoppingCart"/>
    <property name="java.vendor.url" value="http://java.oracle.com/"/>
    <property name="path.separator" value=";"/>
    <property name="guice.disable.misplaced.annotation.check" value="true"/>
    <property name="java.vm.name" value="Java HotSpot(TM) 64-Bit Server VM"/>
    <property name="file.encoding.pkg" value="sun.io"/>
    <property name="user.script" value=""/>
    <property name="user.country" value="AU"/>
    <property name="sun.java.launcher" value="SUN_STANDARD"/>
    <property name="sun.os.patch.level" value=""/>
    <property name="java.vm.specification.name" value="Java Virtual Machine Specification"/>
    <property name="user.dir" value="C:\dev\stryamazaki\workspaces\eclipse3.5\satoruLaboWorkspace\ShoppingCart"/>
    <property name="java.runtime.version" value="1.7.0_79-b15"/>
    <property name="java.awt.graphicsenv" value="sun.awt.Win32GraphicsEnvironment"/>
    <property name="java.endorsed.dirs" value="C:\dev\stryamazaki\jdks\jdk1.7.0_79\jre\lib\endorsed"/>
    <property name="os.arch" value="amd64"/>
    <property name="java.io.tmpdir" value="C:\Users\Satoru\AppData\Local\Temp\"/>
    <property name="line.separator" value="
"/>
    <property name="java.vm.specification.vendor" value="Oracle Corporation"/>
    <property name="user.variant" value=""/>
    <property name="os.name" value="Windows 8.1"/>
    <property name="classworlds.conf" value="C:\dev\stryamazaki\workspaces\eclipse3.5\satoruLaboWorkspace\.metadata\.plugins\org.eclipse.m2e.launching\launches\m2conf5948290127684316766.tmp"/>
    <property name="sun.jnu.encoding" value="Cp1252"/>
    <property name="java.library.path" value="C:\dev\stryamazaki\jdks\jdk1.7.0_79\bin;C:\WINDOWS\Sun\Java\bin;C:\WINDOWS\system32;C:\WINDOWS;C:/dev/stryamazaki/jdks/jdk1.7.0_79/bin/../jre/bin/server;C:/dev/stryamazaki/jdks/jdk1.7.0_79/bin/../jre/bin;C:/dev/stryamazaki/jdks/jdk1.7.0_79/bin/../jre/lib/amd64;C:\oraclexe\app\oracle\product\11.2.0\server\bin;C:\dev\stryamazaki\jdks\jdk1.7.0_79\bin;C:\Program Files (x86)\NVIDIA Corporation\PhysX\Common;C:\Program Files (x86)\Intel\iCLS Client\;C:\Program Files\Intel\iCLS Client\;C:\WINDOWS\system32;C:\WINDOWS;C:\WINDOWS\System32\Wbem;C:\WINDOWS\System32\WindowsPowerShell\v1.0\;C:\Program Files\Intel\Intel(R) Management Engine Components\DAL;C:\Program Files\Intel\Intel(R) Management Engine Components\IPT;C:\Program Files (x86)\Intel\Intel(R) Management Engine Components\DAL;C:\Program Files (x86)\Intel\Intel(R) Management Engine Components\IPT;C:\Program Files (x86)\Intel\OpenCL SDK\3.0\bin\x86;C:\Program Files (x86)\Intel\OpenCL SDK\3.0\bin\x64;C:\Program Files (x86)\QuickTime\QTSystem\;C:\Program Files (x86)\MIT\Kerberos\bin;C:\Program Files (x86)\Skype\Phone\;C:\dev\stryamazaki\ides\eclipse3.5;;."/>
    <property name="java.specification.name" value="Java Platform API Specification"/>
    <property name="java.class.version" value="51.0"/>
    <property name="sun.management.compiler" value="HotSpot 64-Bit Tiered Compilers"/>
    <property name="os.version" value="6.3"/>
    <property name="user.home" value="C:\Users\Satoru"/>
    <property name="user.timezone" value="Australia/Sydney"/>
    <property name="java.awt.printerjob" value="sun.awt.windows.WPrinterJob"/>
    <property name="java.specification.version" value="1.7"/>
    <property name="file.encoding" value="Cp1252"/>
    <property name="user.name" value="Satoru"/>
    <property name="java.class.path" value="/C:/dev/stryamazaki/ides/eclipse3.5/plugins/org.eclipse.m2e.maven.runtime_1.6.2.20150902-0001/jars/plexus-classworlds-2.5.2.jar"/>
    <property name="java.vm.specification.version" value="1.7"/>
    <property name="sun.arch.data.model" value="64"/>
    <property name="java.home" value="C:\dev\stryamazaki\jdks\jdk1.7.0_79\jre"/>
    <property name="sun.java.command" value="org.codehaus.plexus.classworlds.launcher.Launcher -B install"/>
    <property name="java.specification.vendor" value="Oracle Corporation"/>
    <property name="user.language" value="en"/>
    <property name="awt.toolkit" value="sun.awt.windows.WToolkit"/>
    <property name="java.vm.info" value="mixed mode"/>
    <property name="java.version" value="1.7.0_79"/>
    <property name="java.ext.dirs" value="C:\dev\stryamazaki\jdks\jdk1.7.0_79\jre\lib\ext;C:\WINDOWS\Sun\Java\lib\ext"/>
    <property name="sun.boot.class.path" value="C:\dev\stryamazaki\jdks\jdk1.7.0_79\jre\lib\resources.jar;C:\dev\stryamazaki\jdks\jdk1.7.0_79\jre\lib\rt.jar;C:\dev\stryamazaki\jdks\jdk1.7.0_79\jre\lib\sunrsasign.jar;C:\dev\stryamazaki\jdks\jdk1.7.0_79\jre\lib\jsse.jar;C:\dev\stryamazaki\jdks\jdk1.7.0_79\jre\lib\jce.jar;C:\dev\stryamazaki\jdks\jdk1.7.0_79\jre\lib\charsets.jar;C:\dev\stryamazaki\jdks\jdk1.7.0_79\jre\lib\jfr.jar;C:\dev\stryamazaki\jdks\jdk1.7.0_79\jre\classes"/>
    <property name="java.vendor" value="Oracle Corporation"/>
    <property name="maven.home" value="C:\dev\stryamazaki\workspaces\eclipse3.5\satoruLaboWorkspace\ShoppingCart\EMBEDDED"/>
    <property name="file.separator" value="\"/>
    <property name="java.vendor.url.bug" value="http://bugreport.sun.com/bugreport/"/>
    <property name="sun.cpu.endian" value="little"/>
    <property name="sun.io.unicode.encoding" value="UnicodeLittle"/>
    <property name="sun.desktop" value="windows"/>
    <property name="sun.cpu.isalist" value="amd64"/>
  </properties>
  <testcase time="0.012" classname="au.com.satoruTour.businessDelegate.ShoppingCartBusinessDelegateTest" name="testThreeBuyManyGetFreeRuleTours"/>
  <testcase time="0.001" classname="au.com.satoruTour.businessDelegate.ShoppingCartBusinessDelegateTest" name="testTwoBuyAnotherGetFreeRuleToursWithThreeTriggeringTours"/>
  <testcase time="0.004" classname="au.com.satoruTour.businessDelegate.ShoppingCartBusinessDelegateTest" name="testTenBuyManyGetFreeRuleTours"/>
  <testcase time="0.001" classname="au.com.satoruTour.businessDelegate.ShoppingCartBusinessDelegateTest" name="testLoadingToursAndPromotionRules"/>
  <testcase time="0" classname="au.com.satoruTour.businessDelegate.ShoppingCartBusinessDelegateTest" name="testNoToursInTheCart"/>
  <testcase time="0.002" classname="au.com.satoruTour.businessDelegate.ShoppingCartBusinessDelegateTest" name="testTwoBuyAnotherGetFreeRuleToursWithNoTriggeringTour"/>
  <testcase time="0.002" classname="au.com.satoruTour.businessDelegate.ShoppingCartBusinessDelegateTest" name="testFourBulkDiscountRuleTours"/>
  <testcase time="0.002" classname="au.com.satoruTour.businessDelegate.ShoppingCartBusinessDelegateTest" name="testSixBulkDiscountRuleTours"/>
  <testcase time="0.001" classname="au.com.satoruTour.businessDelegate.ShoppingCartBusinessDelegateTest" name="testTwoBuyManyGetFreeRuleTours"/>
  <testcase time="0.002" classname="au.com.satoruTour.businessDelegate.ShoppingCartBusinessDelegateTest" name="testTwoBuyAnotherGetFreeRuleToursWithOneTriggeringTour"/>
  <testcase time="0.001" classname="au.com.satoruTour.businessDelegate.ShoppingCartBusinessDelegateTest" name="testRuleCombination1"/>
  <testcase time="0.001" classname="au.com.satoruTour.businessDelegate.ShoppingCartBusinessDelegateTest" name="testRuleCombination2"/>
  <testcase time="0.003" classname="au.com.satoruTour.businessDelegate.ShoppingCartBusinessDelegateTest" name="testRuleCombination3"/>
  <testcase time="0.001" classname="au.com.satoruTour.businessDelegate.ShoppingCartBusinessDelegateTest" name="testTwoBuyAnotherGetFreeRuleToursWithTwoTriggeringTours"/>
  <testcase time="0.001" classname="au.com.satoruTour.businessDelegate.ShoppingCartBusinessDelegateTest" name="testFiveBulkDiscountRuleTours"/>
  <testcase time="0.002" classname="au.com.satoruTour.businessDelegate.ShoppingCartBusinessDelegateTest" name="testFourBuyManyGetFreeRuleTours"/>
</testsuite>